<?xml version="1.0" encoding="UTF-8"?>
<!-- Generated by org.testng.reporters.JUnitReportReporter -->
<testsuite hostname="DESKTOP-EPI9SM6" failures="0" tests="4" name="com.testCases.petStoreUserTest" time="7.871" errors="0" timestamp="2023-07-21T11:13:57 IST" skipped="0">
  <testcase classname="com.testCases.petStoreUserTest" name="post_U" time="4.445"/>
  <system-out/>
  <testcase classname="com.testCases.petStoreUserTest" name="get_u" time="1.196"/>
  <system-out/>
  <testcase classname="com.testCases.petStoreUserTest" name="update_u" time="1.107"/>
  <system-out/>
  <testcase classname="com.testCases.petStoreUserTest" name="delete_U" time="1.123"/>
  <system-out/>
</testsuite> <!-- com.testCases.petStoreUserTest -->
