<?xml version="1.0" encoding="UTF-8"?>
<!-- Generated by org.testng.reporters.JUnitReportReporter -->
<testsuite hostname="DESKTOP-EPI9SM6" failures="0" tests="12" name="com.testCases.petStoreUserTest2" time="19.130" errors="0" timestamp="2023-07-21T18:10:14 IST" skipped="0">
  <testcase classname="com.testCases.petStoreUserTest2" name="post_User" time="1.163"/>
  <system-out/>
  <testcase classname="com.testCases.petStoreUserTest2" name="post_User" time="1.198"/>
  <system-out/>
  <testcase classname="com.testCases.petStoreUserTest2" name="post_User" time="4.530"/>
  <system-out/>
  <testcase classname="com.testCases.petStoreUserTest2" name="get_User" time="1.147"/>
  <system-out/>
  <testcase classname="com.testCases.petStoreUserTest2" name="get_User" time="1.167"/>
  <system-out/>
  <testcase classname="com.testCases.petStoreUserTest2" name="get_User" time="1.120"/>
  <system-out/>
  <testcase classname="com.testCases.petStoreUserTest2" name="update_User" time="1.284"/>
  <system-out/>
  <testcase classname="com.testCases.petStoreUserTest2" name="update_User" time="1.169"/>
  <system-out/>
  <testcase classname="com.testCases.petStoreUserTest2" name="update_User" time="1.144"/>
  <system-out/>
  <testcase classname="com.testCases.petStoreUserTest2" name="delete_User" time="2.774"/>
  <system-out/>
  <testcase classname="com.testCases.petStoreUserTest2" name="delete_User" time="1.199"/>
  <system-out/>
  <testcase classname="com.testCases.petStoreUserTest2" name="delete_User" time="1.235"/>
  <system-out/>
</testsuite> <!-- com.testCases.petStoreUserTest2 -->
